-------------------------------------------------------------------------------
Test set: TestSuite
-------------------------------------------------------------------------------
Tests run: 15, Failures: 7, Errors: 0, Skipped: 0, Time elapsed: 30.066 s <<< FAILURE! - in TestSuite
testLoginUI(com.jakartalabs.fullstack_answer.TestUI)  Time elapsed: 0.009 s  <<< FAILURE!
java.lang.NullPointerException
	at com.jakartalabs.fullstack_answer.TestUI.testLoginUI(TestUI.java:27)

testSelectProjectUI(com.jakartalabs.fullstack_answer.TestUI)  Time elapsed: 5.001 s  <<< FAILURE!
java.lang.NullPointerException
	at com.jakartalabs.fullstack_answer.TestUI.testSelectProjectUI(TestUI.java:46)

testFeaturesUI(com.jakartalabs.fullstack_answer.TestUI)  Time elapsed: 0.001 s  <<< FAILURE!
java.lang.NullPointerException
	at com.jakartalabs.fullstack_answer.TestUI.testFeaturesUI(TestUI.java:53)

testDeliveryUI(com.jakartalabs.fullstack_answer.TestUI)  Time elapsed: 0.001 s  <<< FAILURE!
java.lang.NullPointerException
	at com.jakartalabs.fullstack_answer.TestUI.testDeliveryUI(TestUI.java:66)

testSaveTemplateUI(com.jakartalabs.fullstack_answer.TestUI)  Time elapsed: 0.001 s  <<< FAILURE!
java.lang.NullPointerException
	at com.jakartalabs.fullstack_answer.TestUI.testSaveTemplateUI(TestUI.java:76)

testDeleteTemplateUI(com.jakartalabs.fullstack_answer.TestUI)  Time elapsed: 0.001 s  <<< FAILURE!
java.lang.NullPointerException
	at com.jakartalabs.fullstack_answer.TestUI.testDeleteTemplateUI(TestUI.java:96)

cleanup(com.jakartalabs.baseui.BaseUITest)  Time elapsed: 0.027 s  <<< FAILURE!
org.testng.TestNGException: 

Can inject only one of <ITestContext, XmlTest> into a @AfterSuite annotated cleanup.
For more information on native dependency injection please refer to https://testng.org/doc/documentation-main.html#native-dependency-injection

